2016-07-30 01:35:03.098+0000 INFO  [o.n.k.i.f.CommunityEditionModule] No locking implementation specified, defaulting to 'community'
2016-07-30 01:35:03.162+0000 INFO  [o.n.k.AvailabilityGuard] Requirement makes database unavailable: Database available
2016-07-30 01:35:03.190+0000 INFO  [o.n.k.i.DiagnosticsManager] --- INITIALIZED diagnostics START ---
2016-07-30 01:35:03.190+0000 INFO  [o.n.k.i.DiagnosticsManager] Neo4j Kernel properties:
2016-07-30 01:35:03.190+0000 INFO  [o.n.k.i.DiagnosticsManager] unsupported.dbms.edition=community
2016-07-30 01:35:03.190+0000 INFO  [o.n.k.i.DiagnosticsManager] unsupported.dbms.directories.neo4j_home=/Users/waller/IdeaProjects/Pdb2Neo4j/db
2016-07-30 01:35:03.190+0000 INFO  [o.n.k.i.DiagnosticsManager] unsupported.dbms.ephemeral=false
2016-07-30 01:35:03.190+0000 INFO  [o.n.k.i.DiagnosticsManager] Diagnostics providers:
2016-07-30 01:35:03.190+0000 INFO  [o.n.k.i.DiagnosticsManager] org.neo4j.kernel.configuration.Config
2016-07-30 01:35:03.190+0000 INFO  [o.n.k.i.DiagnosticsManager] org.neo4j.kernel.info.DiagnosticsManager
2016-07-30 01:35:03.190+0000 INFO  [o.n.k.i.DiagnosticsManager] SYSTEM_MEMORY
2016-07-30 01:35:03.190+0000 INFO  [o.n.k.i.DiagnosticsManager] JAVA_MEMORY
2016-07-30 01:35:03.191+0000 INFO  [o.n.k.i.DiagnosticsManager] OPERATING_SYSTEM
2016-07-30 01:35:03.191+0000 INFO  [o.n.k.i.DiagnosticsManager] JAVA_VIRTUAL_MACHINE
2016-07-30 01:35:03.191+0000 INFO  [o.n.k.i.DiagnosticsManager] CLASSPATH
2016-07-30 01:35:03.191+0000 INFO  [o.n.k.i.DiagnosticsManager] LIBRARY_PATH
2016-07-30 01:35:03.191+0000 INFO  [o.n.k.i.DiagnosticsManager] SYSTEM_PROPERTIES
2016-07-30 01:35:03.191+0000 INFO  [o.n.k.i.DiagnosticsManager] NETWORK
2016-07-30 01:35:03.191+0000 INFO  [o.n.k.i.DiagnosticsManager] System memory information:
2016-07-30 01:35:03.193+0000 INFO  [o.n.k.i.DiagnosticsManager] Total Physical memory: 16.00 GB
2016-07-30 01:35:03.193+0000 INFO  [o.n.k.i.DiagnosticsManager] Free Physical memory: 2.47 GB
2016-07-30 01:35:03.194+0000 INFO  [o.n.k.i.DiagnosticsManager] Committed virtual memory: 7.96 GB
2016-07-30 01:35:03.194+0000 INFO  [o.n.k.i.DiagnosticsManager] Total swap space: 5.00 GB
2016-07-30 01:35:03.195+0000 INFO  [o.n.k.i.DiagnosticsManager] Free swap space: 895.50 MB
2016-07-30 01:35:03.195+0000 INFO  [o.n.k.i.DiagnosticsManager] JVM memory information:
2016-07-30 01:35:03.195+0000 INFO  [o.n.k.i.DiagnosticsManager] Free  memory: 60.86 MB
2016-07-30 01:35:03.195+0000 INFO  [o.n.k.i.DiagnosticsManager] Total memory: 256.50 MB
2016-07-30 01:35:03.195+0000 INFO  [o.n.k.i.DiagnosticsManager] Max   memory: 3.56 GB
2016-07-30 01:35:03.197+0000 INFO  [o.n.k.i.DiagnosticsManager] Garbage Collector: PS Scavenge: [PS Eden Space, PS Survivor Space]
2016-07-30 01:35:03.197+0000 INFO  [o.n.k.i.DiagnosticsManager] Garbage Collector: PS MarkSweep: [PS Eden Space, PS Survivor Space, PS Old Gen]
2016-07-30 01:35:03.198+0000 INFO  [o.n.k.i.DiagnosticsManager] Memory Pool: Code Cache (Non-heap memory): committed=16.44 MB, used=16.08 MB, max=240.00 MB, threshold=0.00 B
2016-07-30 01:35:03.198+0000 INFO  [o.n.k.i.DiagnosticsManager] Memory Pool: Metaspace (Non-heap memory): committed=49.25 MB, used=48.41 MB, max=-1.00 B, threshold=0.00 B
2016-07-30 01:35:03.198+0000 INFO  [o.n.k.i.DiagnosticsManager] Memory Pool: Compressed Class Space (Non-heap memory): committed=8.50 MB, used=8.28 MB, max=1.00 GB, threshold=0.00 B
2016-07-30 01:35:03.199+0000 INFO  [o.n.k.i.DiagnosticsManager] Memory Pool: PS Eden Space (Heap memory): committed=200.00 MB, used=157.36 MB, max=1.30 GB, threshold=?
2016-07-30 01:35:03.199+0000 INFO  [o.n.k.i.DiagnosticsManager] Memory Pool: PS Survivor Space (Heap memory): committed=13.00 MB, used=6.97 MB, max=13.00 MB, threshold=?
2016-07-30 01:35:03.199+0000 INFO  [o.n.k.i.DiagnosticsManager] Memory Pool: PS Old Gen (Heap memory): committed=43.50 MB, used=31.31 MB, max=2.67 GB, threshold=0.00 B
2016-07-30 01:35:03.199+0000 INFO  [o.n.k.i.DiagnosticsManager] Operating system information:
2016-07-30 01:35:03.200+0000 INFO  [o.n.k.i.DiagnosticsManager] Operating System: Mac OS X; version: 10.11.5; arch: x86_64; cpus: 8
2016-07-30 01:35:03.200+0000 INFO  [o.n.k.i.DiagnosticsManager] Max number of file descriptors: 10240
2016-07-30 01:35:03.200+0000 INFO  [o.n.k.i.DiagnosticsManager] Number of open file descriptors: 150
2016-07-30 01:35:03.200+0000 INFO  [o.n.k.i.DiagnosticsManager] Process id: 13735@VPN-POOL1-PNT-03610.UNI-MUENSTER.DE
2016-07-30 01:35:03.201+0000 INFO  [o.n.k.i.DiagnosticsManager] Byte order: LITTLE_ENDIAN
2016-07-30 01:35:03.201+0000 INFO  [o.n.k.i.DiagnosticsManager] Local timezone: Asia/Shanghai
2016-07-30 01:35:03.201+0000 INFO  [o.n.k.i.DiagnosticsManager] JVM information:
2016-07-30 01:35:03.201+0000 INFO  [o.n.k.i.DiagnosticsManager] VM Name: Java HotSpot(TM) 64-Bit Server VM
2016-07-30 01:35:03.201+0000 INFO  [o.n.k.i.DiagnosticsManager] VM Vendor: Oracle Corporation
2016-07-30 01:35:03.201+0000 INFO  [o.n.k.i.DiagnosticsManager] VM Version: 25.11-b03
2016-07-30 01:35:03.201+0000 INFO  [o.n.k.i.DiagnosticsManager] JIT compiler: HotSpot 64-Bit Tiered Compilers
2016-07-30 01:35:03.202+0000 INFO  [o.n.k.i.DiagnosticsManager] VM Arguments: [-ea, -Didea.launcher.port=7534, -Didea.launcher.bin.path=/Applications/IntelliJ IDEA.app/Contents/bin, -Didea.junit.sm_runner, -Dfile.encoding=UTF-8]
2016-07-30 01:35:03.202+0000 INFO  [o.n.k.i.DiagnosticsManager] Java classpath:
2016-07-30 01:35:03.203+0000 INFO  [o.n.k.i.DiagnosticsManager]  [classpath + loader.0] file:/Users/waller/.gradle/caches/modules-2/files-2.1/org.codehaus.groovy/groovy-all/2.4.7/c5371aaa20bcdca1175d9477fc0811f4fd99b68a/groovy-all-2.4.7.jar
2016-07-30 01:35:03.203+0000 INFO  [o.n.k.i.DiagnosticsManager]  [classpath + loader.0] file:/Users/waller/.gradle/caches/modules-2/files-2.1/org.apache.lucene/lucene-codecs/5.5.0/b6d6b847a516b5fee88f7cfcf173cf9564233471/lucene-codecs-5.5.0.jar
2016-07-30 01:35:03.203+0000 INFO  [o.n.k.i.DiagnosticsManager]  [classpath + loader.0] file:/Users/waller/.gradle/caches/modules-2/files-2.1/org.neo4j/neo4j-ogm-core/2.0.4/3df1981a2130fbb828aaf3d97792e4874b89ce2/neo4j-ogm-core-2.0.4.jar
2016-07-30 01:35:03.203+0000 INFO  [o.n.k.i.DiagnosticsManager]  [classpath + loader.0] file:/Users/waller/.gradle/caches/modules-2/files-2.1/org.neo4j/neo4j-resource/3.1.0-M05/d68daa07b6f88586ec930b86c93e51031d3527ea/neo4j-resource-3.1.0-M05.jar
2016-07-30 01:35:03.203+0000 INFO  [o.n.k.i.DiagnosticsManager]  [classpath + loader.0] file:/Users/waller/.gradle/caches/modules-2/files-2.1/org.scala-lang/scala-library/2.11.8/ddd5a8bced249bedd86fb4578a39b9fb71480573/scala-library-2.11.8.jar
2016-07-30 01:35:03.203+0000 INFO  [o.n.k.i.DiagnosticsManager]  [classpath + loader.0] file:/Users/waller/.gradle/caches/modules-2/files-2.1/org.scala-lang/scala-reflect/2.11.8/b74530deeba742ab4f3134de0c2da0edc49ca361/scala-reflect-2.11.8.jar
2016-07-30 01:35:03.203+0000 INFO  [o.n.k.i.DiagnosticsManager]  [classpath + loader.0] file:/Users/waller/.gradle/caches/modules-2/files-2.1/org.neo4j/neo4j-unsafe/3.1.0-M05/4b78b2cd089f8e2937101f5e53e0cfd09f107666/neo4j-unsafe-3.1.0-M05.jar
2016-07-30 01:35:03.203+0000 INFO  [o.n.k.i.DiagnosticsManager]  [loader.1] file:/Library/Java/JavaVirtualMachines/jdk1.8.0_11.jdk/Contents/Home/jre/lib/ext/dnsns.jar
2016-07-30 01:35:03.203+0000 INFO  [o.n.k.i.DiagnosticsManager]  [classpath + loader.0] file:/Library/Java/JavaVirtualMachines/jdk1.8.0_11.jdk/Contents/Home/lib/jconsole.jar
2016-07-30 01:35:03.203+0000 INFO  [o.n.k.i.DiagnosticsManager]  [classpath + loader.0] file:/Users/waller/.gradle/caches/modules-2/files-2.1/org.apache.lucene/lucene-queryparser/5.5.0/fddc49725b562fd48dff0cff004336ad2a090a4/lucene-queryparser-5.5.0.jar
2016-07-30 01:35:03.203+0000 INFO  [o.n.k.i.DiagnosticsManager]  [classpath + loader.0] file:/Users/waller/.gradle/caches/modules-2/files-2.1/com.googlecode.concurrentlinkedhashmap/concurrentlinkedhashmap-lru/1.4.2/2eaf3d3c9746d526ff7e5b93931d482c3887e6ac/concurrentlinkedhashmap-lru-1.4.2.jar
2016-07-30 01:35:03.203+0000 INFO  [o.n.k.i.DiagnosticsManager]  [classpath + loader.0] file:/Users/waller/.gradle/caches/modules-2/files-2.1/org.neo4j/neo4j-cypher-compiler-3.0/3.0.3/8894802bd3813a1c9fbdf1fd8769694847ca415f/neo4j-cypher-compiler-3.0-3.0.3.jar
2016-07-30 01:35:03.203+0000 INFO  [o.n.k.i.DiagnosticsManager]  [classpath + loader.0] file:/Users/waller/.gradle/caches/modules-2/files-2.1/org.neo4j/neo4j-cypher-frontend-2.3/2.3.5/b37f939e5b1f6c3a93372e11cff9f500aff5e1a5/neo4j-cypher-frontend-2.3-2.3.5.jar
2016-07-30 01:35:03.203+0000 INFO  [o.n.k.i.DiagnosticsManager]  [classpath + loader.0] file:/Users/waller/.gradle/caches/modules-2/files-2.1/org.jboss.logging/jboss-logging/3.3.0.Final/3616bb87707910296e2c195dc016287080bba5af/jboss-logging-3.3.0.Final.jar
2016-07-30 01:35:03.203+0000 INFO  [o.n.k.i.DiagnosticsManager]  [classpath + loader.0] file:/Users/waller/IdeaProjects/Pdb2Neo4j/build/classes/integTest/
2016-07-30 01:35:03.203+0000 INFO  [o.n.k.i.DiagnosticsManager]  [classpath + loader.0] file:/Users/waller/.gradle/caches/modules-2/files-2.1/com.fasterxml/classmate/1.1.0/dbbd699a1486ad0f2ed6f5af6cfed66acacb9056/classmate-1.1.0.jar
2016-07-30 01:35:03.203+0000 INFO  [o.n.k.i.DiagnosticsManager]  [classpath + loader.0] file:/Users/waller/.gradle/caches/modules-2/files-2.1/org.springframework/spring-jdbc/4.2.7.RELEASE/fcf6fc778ada99a42259cdddf2f1f4cee102d934/spring-jdbc-4.2.7.RELEASE.jar
2016-07-30 01:35:03.203+0000 INFO  [o.n.k.i.DiagnosticsManager]  [classpath + loader.0] file:/Users/waller/.gradle/caches/modules-2/files-2.1/org.neo4j/neo4j-graph-matching/3.1.0-M05/4c70e64beb192bcd31a62b49a485ccad8380a9e0/neo4j-graph-matching-3.1.0-M05.jar
2016-07-30 01:35:03.203+0000 INFO  [o.n.k.i.DiagnosticsManager]  [classpath + loader.0] file:/Users/waller/.gradle/caches/modules-2/files-2.1/net.sf.opencsv/opencsv/2.3/c23708cdb9e80a144db433e23344a788a1fd6599/opencsv-2.3.jar
2016-07-30 01:35:03.203+0000 INFO  [o.n.k.i.DiagnosticsManager]  [classpath + loader.0] file:/Users/waller/.gradle/caches/modules-2/files-2.1/org.springframework.batch/spring-batch-infrastructure/3.0.7.RELEASE/6fa6cc10e95b548c3aa0aaa4e77308b3189388c4/spring-batch-infrastructure-3.0.7.RELEASE.jar
2016-07-30 01:35:03.203+0000 INFO  [o.n.k.i.DiagnosticsManager]  [classpath + loader.0] file:/Users/waller/.gradle/caches/modules-2/files-2.1/org.neo4j/neo4j-consistency-check/3.1.0-M05/3d3af39a13090d0b15d9302b9accd19ea56e4ca1/neo4j-consistency-check-3.1.0-M05.jar
2016-07-30 01:35:03.203+0000 INFO  [o.n.k.i.DiagnosticsManager]  [classpath + loader.0] file:/Users/waller/.gradle/caches/modules-2/files-2.1/commons-codec/commons-codec/1.10/4b95f4897fa13f2cd904aee711aeafc0c5295cd8/commons-codec-1.10.jar
2016-07-30 01:35:03.203+0000 INFO  [o.n.k.i.DiagnosticsManager]  [classpath + loader.0] file:/Users/waller/.gradle/caches/modules-2/files-2.1/org.springframework/spring-expression/4.2.7.RELEASE/547b8e02f5e219f6c8c8f84675d0cd7a8a6e92cf/spring-expression-4.2.7.RELEASE.jar
2016-07-30 01:35:03.203+0000 INFO  [o.n.k.i.DiagnosticsManager]  [loader.0] file:/Applications/IntelliJ%20IDEA.app/Contents/lib/idea_rt.jar
2016-07-30 01:35:03.204+0000 INFO  [o.n.k.i.DiagnosticsManager]  [loader.0] file:/Applications/IntelliJ%20IDEA.app/Contents/plugins/junit/lib/junit-rt.jar
2016-07-30 01:35:03.204+0000 INFO  [o.n.k.i.DiagnosticsManager]  [classpath + loader.0] file:/Users/waller/.gradle/caches/modules-2/files-2.1/org.neo4j/neo4j-csv/3.1.0-M05/c9d6e796d1aca2cba139eb9c568601ba05b5c527/neo4j-csv-3.1.0-M05.jar
2016-07-30 01:35:03.204+0000 INFO  [o.n.k.i.DiagnosticsManager]  [classpath + loader.0] file:/Users/waller/.gradle/caches/modules-2/files-2.1/org.slf4j/log4j-over-slf4j/1.7.21/b3700d97464d99bdcd42c0177d6e7951c94d75ff/log4j-over-slf4j-1.7.21.jar
2016-07-30 01:35:03.204+0000 INFO  [o.n.k.i.DiagnosticsManager]  [classpath + loader.0] file:/Users/waller/.gradle/caches/modules-2/files-2.1/org.springframework/spring-core/4.2.7.RELEASE/3d08f6f68e0654bf4be50559aec4218334189583/spring-core-4.2.7.RELEASE.jar
2016-07-30 01:35:03.204+0000 INFO  [o.n.k.i.DiagnosticsManager]  [classpath + loader.0] file:/Users/waller/.gradle/caches/modules-2/files-2.1/org.neo4j/neo4j-lucene-index/3.1.0-M05/8dbf97447ab82c4ec5370afa8dad44ae8986da93/neo4j-lucene-index-3.1.0-M05.jar
2016-07-30 01:35:03.204+0000 INFO  [o.n.k.i.DiagnosticsManager]  [classpath + loader.0] file:/Users/waller/.gradle/caches/modules-2/files-2.1/org.apache.commons/commons-lang3/3.3.2/90a3822c38ec8c996e84c16a3477ef632cbc87a3/commons-lang3-3.3.2.jar
2016-07-30 01:35:03.204+0000 INFO  [o.n.k.i.DiagnosticsManager]  [classpath + loader.0] file:/Library/Java/JavaVirtualMachines/jdk1.8.0_11.jdk/Contents/Home/jre/lib/jfxswt.jar
2016-07-30 01:35:03.204+0000 INFO  [o.n.k.i.DiagnosticsManager]  [classpath + loader.0] file:/Users/waller/.gradle/caches/modules-2/files-2.1/org.springframework.boot/spring-boot-starter-batch/1.3.6.RELEASE/f1bdc4948769c891e78d94f76e6f1c851d4d5fe4/spring-boot-starter-batch-1.3.6.RELEASE.jar
2016-07-30 01:35:03.204+0000 INFO  [o.n.k.i.DiagnosticsManager]  [loader.1] file:/Library/Java/JavaVirtualMachines/jdk1.8.0_11.jdk/Contents/Home/jre/lib/ext/nashorn.jar
2016-07-30 01:35:03.204+0000 INFO  [o.n.k.i.DiagnosticsManager]  [loader.1] file:/System/Library/Java/Extensions/j3daudio.jar
2016-07-30 01:35:03.204+0000 INFO  [o.n.k.i.DiagnosticsManager]  [bootstrap + classpath + loader.0] file:/Library/Java/JavaVirtualMachines/jdk1.8.0_11.jdk/Contents/Home/jre/lib/resources.jar
2016-07-30 01:35:03.204+0000 INFO  [o.n.k.i.DiagnosticsManager]  [loader.1] file:/System/Library/Java/Extensions/j3dutils.jar
2016-07-30 01:35:03.204+0000 INFO  [o.n.k.i.DiagnosticsManager]  [loader.1] file:/System/Library/Java/Extensions/jai_codec.jar
2016-07-30 01:35:03.204+0000 INFO  [o.n.k.i.DiagnosticsManager]  [classpath + loader.0] file:/Users/waller/.gradle/caches/modules-2/files-2.1/org.apache.httpcomponents/httpcore/4.4.5/e7501a1b34325abb00d17dde96150604a0658b54/httpcore-4.4.5.jar
2016-07-30 01:35:03.204+0000 INFO  [o.n.k.i.DiagnosticsManager]  [bootstrap] /Library/Java/JavaVirtualMachines/jdk1.8.0_11.jdk/Contents/Home/jre/classes
2016-07-30 01:35:03.204+0000 INFO  [o.n.k.i.DiagnosticsManager]  [classpath + loader.0] file:/Users/waller/.gradle/caches/modules-2/files-2.1/org.slf4j/jcl-over-slf4j/1.7.21/331b564a3a42f002a0004b039c1c430da89062cd/jcl-over-slf4j-1.7.21.jar
2016-07-30 01:35:03.204+0000 INFO  [o.n.k.i.DiagnosticsManager]  [classpath + loader.0] file:/Users/waller/.gradle/caches/modules-2/files-2.1/commons-io/commons-io/2.4/b1b6ea3b7e4aa4f492509a4952029cd8e48019ad/commons-io-2.4.jar
2016-07-30 01:35:03.204+0000 INFO  [o.n.k.i.DiagnosticsManager]  [classpath + loader.0] file:/Users/waller/.gradle/caches/modules-2/files-2.1/org.apache.lucene/lucene-backward-codecs/5.5.0/68480974b2f54f519763632a7c1c5d51cbff3805/lucene-backward-codecs-5.5.0.jar
2016-07-30 01:35:03.204+0000 INFO  [o.n.k.i.DiagnosticsManager]  [classpath + loader.0] file:/Users/waller/.gradle/caches/modules-2/files-2.1/org.neo4j/neo4j-common/3.1.0-M05/680e2fdfaa77e3908e5501b07c80d3fda6e6e9ee/neo4j-common-3.1.0-M05.jar
2016-07-30 01:35:03.204+0000 INFO  [o.n.k.i.DiagnosticsManager]  [classpath + loader.0] file:/Library/Java/JavaVirtualMachines/jdk1.8.0_11.jdk/Contents/Home/lib/ant-javafx.jar
2016-07-30 01:35:03.204+0000 INFO  [o.n.k.i.DiagnosticsManager]  [classpath + loader.0] file:/Users/waller/.gradle/caches/modules-2/files-2.1/org.hibernate/hibernate-validator/5.2.4.Final/fb18766b576aa6632bcfe9a20a023cbd52bf9769/hibernate-validator-5.2.4.Final.jar
2016-07-30 01:35:03.204+0000 INFO  [o.n.k.i.DiagnosticsManager]  [classpath + loader.0] file:/Users/waller/.gradle/caches/modules-2/files-2.1/org.apache.lucene/lucene-core/5.5.0/a74fd869bb5ad7fe6b4cd29df9543a34aea81164/lucene-core-5.5.0.jar
2016-07-30 01:35:03.204+0000 INFO  [o.n.k.i.DiagnosticsManager]  [classpath + loader.0] file:/Users/waller/.gradle/caches/modules-2/files-2.1/org.hamcrest/hamcrest-core/1.3/42a25dc3219429f0e5d060061f71acb49bf010a0/hamcrest-core-1.3.jar
2016-07-30 01:35:03.204+0000 INFO  [o.n.k.i.DiagnosticsManager]  [classpath + loader.0] file:/Users/waller/.gradle/caches/modules-2/files-2.1/org.neo4j/neo4j-cypher-compiler-2.3/2.3.5/460d4e720bacdc1610ecd74b8296e9807204cbc4/neo4j-cypher-compiler-2.3-2.3.5.jar
2016-07-30 01:35:03.204+0000 INFO  [o.n.k.i.DiagnosticsManager]  [loader.1] file:/System/Library/Java/Extensions/libmlib_jai.jnilib
2016-07-30 01:35:03.204+0000 INFO  [o.n.k.i.DiagnosticsManager]  [loader.1] file:/Library/Java/JavaVirtualMachines/jdk1.8.0_11.jdk/Contents/Home/jre/lib/ext/sunec.jar
2016-07-30 01:35:03.204+0000 INFO  [o.n.k.i.DiagnosticsManager]  [classpath + loader.0] file:/Users/waller/.gradle/caches/modules-2/files-2.1/org.springframework.batch/spring-batch-core/3.0.7.RELEASE/b736f8c14550cdb1440e28bb6aa690a387a7aa57/spring-batch-core-3.0.7.RELEASE.jar
2016-07-30 01:35:03.204+0000 INFO  [o.n.k.i.DiagnosticsManager]  [bootstrap] /Library/Java/JavaVirtualMachines/jdk1.8.0_11.jdk/Contents/Home/jre/lib/sunrsasign.jar
2016-07-30 01:35:03.204+0000 INFO  [o.n.k.i.DiagnosticsManager]  [classpath + loader.0] file:/Users/waller/.gradle/caches/modules-2/files-2.1/org.apache.commons/commons-collections4/4.1/a4cf4688fe1c7e3a63aa636cc96d013af537768e/commons-collections4-4.1.jar
2016-07-30 01:35:03.204+0000 INFO  [o.n.k.i.DiagnosticsManager]  [classpath + loader.0] file:/Users/waller/.gradle/caches/modules-2/files-2.1/org.mockito/mockito-core/1.10.19/e8546f5bef4e061d8dd73895b4e8f40e3fe6effe/mockito-core-1.10.19.jar
2016-07-30 01:35:03.204+0000 INFO  [o.n.k.i.DiagnosticsManager]  [classpath + loader.0] file:/Users/waller/.gradle/caches/modules-2/files-2.1/org.neo4j/neo4j-udc/3.1.0-M05/5a33d108c8616770411ee32092f51058b820ff65/neo4j-udc-3.1.0-M05.jar
2016-07-30 01:35:03.204+0000 INFO  [o.n.k.i.DiagnosticsManager]  [classpath + loader.0] file:/Users/waller/.gradle/caches/modules-2/files-2.1/com.fasterxml.jackson.core/jackson-annotations/2.6.7/7e08eafe72cbd11c955d92109108bd2bfaab979e/jackson-annotations-2.6.7.jar
2016-07-30 01:35:03.204+0000 INFO  [o.n.k.i.DiagnosticsManager]  [classpath + loader.0] file:/Library/Java/JavaVirtualMachines/jdk1.8.0_11.jdk/Contents/Home/jre/lib/management-agent.jar
2016-07-30 01:35:03.204+0000 INFO  [o.n.k.i.DiagnosticsManager]  [classpath + loader.0] file:/Users/waller/.gradle/caches/modules-2/files-2.1/org.neo4j/neo4j-lucene-upgrade/3.1.0-M05/fde89e6a1a2c04470c79d317a0c954cf6a94801f/neo4j-lucene-upgrade-3.1.0-M05.jar
2016-07-30 01:35:03.204+0000 INFO  [o.n.k.i.DiagnosticsManager]  [bootstrap + classpath + loader.0] file:/Library/Java/JavaVirtualMachines/jdk1.8.0_11.jdk/Contents/Home/jre/lib/charsets.jar
2016-07-30 01:35:03.204+0000 INFO  [o.n.k.i.DiagnosticsManager]  [loader.1] file:/System/Library/Java/Extensions/libJ3DAudio.jnilib
2016-07-30 01:35:03.204+0000 INFO  [o.n.k.i.DiagnosticsManager]  [classpath + loader.0] file:/Users/waller/.gradle/caches/modules-2/files-2.1/com.fasterxml.jackson.core/jackson-databind/2.6.7/1857f49ee9dffe1c8d17d4c3980e0d713af2806/jackson-databind-2.6.7.jar
2016-07-30 01:35:03.204+0000 INFO  [o.n.k.i.DiagnosticsManager]  [classpath + loader.0] file:/Users/waller/.gradle/caches/modules-2/files-2.1/com.thoughtworks.xstream/xstream/1.4.9/c43f6e6bfa79b56e04a8898a923c3cf7144dd460/xstream-1.4.9.jar
2016-07-30 01:35:03.204+0000 INFO  [o.n.k.i.DiagnosticsManager]  [classpath + loader.0] file:/Library/Java/JavaVirtualMachines/jdk1.8.0_11.jdk/Contents/Home/jre/lib/javaws.jar
2016-07-30 01:35:03.204+0000 INFO  [o.n.k.i.DiagnosticsManager]  [classpath + loader.0] file:/Users/waller/IdeaProjects/Pdb2Neo4j/build/classes/main/
2016-07-30 01:35:03.204+0000 INFO  [o.n.k.i.DiagnosticsManager]  [classpath + loader.0] file:/Users/waller/.gradle/caches/modules-2/files-2.1/org.neo4j/neo4j/3.1.0-M05/9cdf11e72228e601da3ae6c4733cf2a9546699c7/neo4j-3.1.0-M05.jar
2016-07-30 01:35:03.204+0000 INFO  [o.n.k.i.DiagnosticsManager]  [classpath + loader.0] file:/Users/waller/.gradle/caches/modules-2/files-2.1/junit/junit/4.12/2973d150c0dc1fefe998f834810d68f278ea58ec/junit-4.12.jar
2016-07-30 01:35:03.204+0000 INFO  [o.n.k.i.DiagnosticsManager]  [classpath + loader.0] file:/Users/waller/.gradle/caches/modules-2/files-2.1/org.springframework.boot/spring-boot-starter-logging/1.3.6.RELEASE/194dc550f6d3b17067641085b6fd3d1c217202fd/spring-boot-starter-logging-1.3.6.RELEASE.jar
2016-07-30 01:35:03.204+0000 INFO  [o.n.k.i.DiagnosticsManager]  [loader.1] file:/System/Library/Java/Extensions/jai_core.jar
2016-07-30 01:35:03.204+0000 INFO  [o.n.k.i.DiagnosticsManager]  [classpath + loader.0] file:/Users/waller/IdeaProjects/Pdb2Neo4j/build/resources/main/
2016-07-30 01:35:03.204+0000 INFO  [o.n.k.i.DiagnosticsManager]  [classpath + loader.0] file:/Users/waller/.gradle/caches/modules-2/files-2.1/org.ow2.asm/asm/5.0.4/da08b8cce7bbf903602a25a3a163ae252435795/asm-5.0.4.jar
2016-07-30 01:35:03.204+0000 INFO  [o.n.k.i.DiagnosticsManager]  [classpath + loader.0] file:/Users/waller/.gradle/caches/modules-2/files-2.1/com.ibm.jbatch/com.ibm.jbatch-tck-spi/1.0/8ac869b0a60bff1a15eba0fb6398942410396938/com.ibm.jbatch-tck-spi-1.0.jar
2016-07-30 01:35:03.204+0000 INFO  [o.n.k.i.DiagnosticsManager]  [classpath + loader.0] file:/Users/waller/.gradle/caches/modules-2/files-2.1/com.fasterxml.jackson.core/jackson-core/2.6.7/81838e08d5e10e33cdee7299f9682d836b78c63e/jackson-core-2.6.7.jar
2016-07-30 01:35:03.204+0000 INFO  [o.n.k.i.DiagnosticsManager]  [classpath + loader.0] file:/Library/Java/JavaVirtualMachines/jdk1.8.0_11.jdk/Contents/Home/jre/lib/deploy.jar
2016-07-30 01:35:03.205+0000 INFO  [o.n.k.i.DiagnosticsManager]  [classpath] /Applications/IntelliJ IDEA.app/Contents/plugins/junit/lib/junit-rt.jar
2016-07-30 01:35:03.205+0000 INFO  [o.n.k.i.DiagnosticsManager]  [classpath + loader.0] file:/Users/waller/.gradle/caches/modules-2/files-2.1/org.neo4j/neo4j-cypher-frontend-3.1/3.1.0-M05/367cac0d2f83331e8310088b731ed7b7e4690ada/neo4j-cypher-frontend-3.1-3.1.0-M05.jar
2016-07-30 01:35:03.205+0000 INFO  [o.n.k.i.DiagnosticsManager]  [classpath + loader.0] file:/Users/waller/.gradle/caches/modules-2/files-2.1/org.neo4j/neo4j-jmx/3.1.0-M05/5e7fa38cdaf07880a600f8666bb93c2daf8c14c1/neo4j-jmx-3.1.0-M05.jar
2016-07-30 01:35:03.205+0000 INFO  [o.n.k.i.DiagnosticsManager]  [loader.1] file:/System/Library/Java/Extensions/vecmath.jar
2016-07-30 01:35:03.205+0000 INFO  [o.n.k.i.DiagnosticsManager]  [classpath + loader.0] file:/Library/Java/JavaVirtualMachines/jdk1.8.0_11.jdk/Contents/Home/lib/dt.jar
2016-07-30 01:35:03.205+0000 INFO  [o.n.k.i.DiagnosticsManager]  [classpath + loader.0] file:/Users/waller/.gradle/caches/modules-2/files-2.1/org.springframework.data/spring-data-neo4j/4.2.0.BUILD-SNAPSHOT/b6f7a020571e3f36223288bba27a674035a6e395/spring-data-neo4j-4.2.0.BUILD-SNAPSHOT.jar
2016-07-30 01:35:03.205+0000 INFO  [o.n.k.i.DiagnosticsManager]  [classpath + loader.0] file:/Users/waller/.gradle/caches/modules-2/files-2.1/org.springframework.data/spring-data-commons/1.11.4.RELEASE/c2b1fd4dbf7dff772d6124bb35892759e8bf088e/spring-data-commons-1.11.4.RELEASE.jar
2016-07-30 01:35:03.205+0000 INFO  [o.n.k.i.DiagnosticsManager]  [classpath + loader.0] file:/Users/waller/.gradle/caches/modules-2/files-2.1/org.slf4j/jul-to-slf4j/1.7.21/2f22c882ffa479d1e9ff4eb0e8e2c29f2a0871ed/jul-to-slf4j-1.7.21.jar
2016-07-30 01:35:03.205+0000 INFO  [o.n.k.i.DiagnosticsManager]  [classpath + loader.0] file:/Users/waller/.gradle/caches/modules-2/files-2.1/org.slf4j/slf4j-api/1.7.21/139535a69a4239db087de9bab0bee568bf8e0b70/slf4j-api-1.7.21.jar
2016-07-30 01:35:03.205+0000 INFO  [o.n.k.i.DiagnosticsManager]  [classpath + loader.0] file:/Users/waller/.gradle/caches/modules-2/files-2.1/org.neo4j/neo4j-cypher-compiler-3.1/3.1.0-M05/43e7b998f3f17446b45e6cee0ac8c9343ed61a96/neo4j-cypher-compiler-3.1-3.1.0-M05.jar
2016-07-30 01:35:03.205+0000 INFO  [o.n.k.i.DiagnosticsManager]  [classpath + loader.0] file:/Users/waller/.gradle/caches/modules-2/files-2.1/aopalliance/aopalliance/1.0/235ba8b489512805ac13a8f9ea77a1ca5ebe3e8/aopalliance-1.0.jar
2016-07-30 01:35:03.205+0000 INFO  [o.n.k.i.DiagnosticsManager]  [classpath + loader.0] file:/Users/waller/.gradle/caches/modules-2/files-2.1/org.neo4j/neo4j-logging/3.1.0-M05/5178e906dccdcc6159cfe2b62dd0b0cf5ee81e4e/neo4j-logging-3.1.0-M05.jar
2016-07-30 01:35:03.205+0000 INFO  [o.n.k.i.DiagnosticsManager]  [classpath + loader.0] file:/Users/waller/.gradle/caches/modules-2/files-2.1/org.apache.lucene/lucene-analyzers-common/5.5.0/1e0e8243a4410be20c34683034fafa7bb52e55cc/lucene-analyzers-common-5.5.0.jar
2016-07-30 01:35:03.205+0000 INFO  [o.n.k.i.DiagnosticsManager]  [classpath + loader.0] file:/Users/waller/.gradle/caches/modules-2/files-2.1/org.spockframework/spock-spring/1.1-groovy-2.4-rc-1/d14ff8309318188d5b63517e9e3028a740dd4797/spock-spring-1.1-groovy-2.4-rc-1.jar
2016-07-30 01:35:03.205+0000 INFO  [o.n.k.i.DiagnosticsManager]  [loader.1] file:/System/Library/Java/Extensions/libJ3D.jnilib
2016-07-30 01:35:03.205+0000 INFO  [o.n.k.i.DiagnosticsManager]  [classpath + loader.0] file:/Users/waller/.gradle/caches/modules-2/files-2.1/org.objenesis/objenesis/2.4/2916b6c96b50c5b3ec4452ed99401db745aabb27/objenesis-2.4.jar
2016-07-30 01:35:03.205+0000 INFO  [o.n.k.i.DiagnosticsManager]  [classpath + loader.0] file:/Users/waller/.gradle/caches/modules-2/files-2.1/org.neo4j/neo4j-graphdb-api/3.1.0-M05/db4f856ee6a286ed82675f65b35abe57cc49c3b/neo4j-graphdb-api-3.1.0-M05.jar
2016-07-30 01:35:03.205+0000 INFO  [o.n.k.i.DiagnosticsManager]  [loader.1] file:/Library/Java/JavaVirtualMachines/jdk1.8.0_11.jdk/Contents/Home/jre/lib/ext/jfxrt.jar
2016-07-30 01:35:03.205+0000 INFO  [o.n.k.i.DiagnosticsManager]  [loader.1] file:/Library/Java/JavaVirtualMachines/jdk1.8.0_11.jdk/Contents/Home/jre/lib/ext/sunpkcs11.jar
2016-07-30 01:35:03.205+0000 INFO  [o.n.k.i.DiagnosticsManager]  [classpath + loader.0] file:/Users/waller/.gradle/caches/modules-2/files-2.1/org.yaml/snakeyaml/1.16/d64fb662c9e42789149f5078a62a22edda786c6a/snakeyaml-1.16.jar
2016-07-30 01:35:03.205+0000 INFO  [o.n.k.i.DiagnosticsManager]  [classpath + loader.0] file:/Users/waller/.gradle/caches/modules-2/files-2.1/javax.validation/validation-api/1.1.0.Final/8613ae82954779d518631e05daa73a6a954817d5/validation-api-1.1.0.Final.jar
2016-07-30 01:35:03.205+0000 INFO  [o.n.k.i.DiagnosticsManager]  [classpath + loader.0] file:/Users/waller/.gradle/caches/modules-2/files-2.1/org.neo4j/neo4j-cypher/3.1.0-M05/92f742effce1e5006ed12651ffc2680e329018d5/neo4j-cypher-3.1.0-M05.jar
2016-07-30 01:35:03.205+0000 INFO  [o.n.k.i.DiagnosticsManager]  [classpath + loader.0] file:/Users/waller/.gradle/caches/modules-2/files-2.1/org.parboiled/parboiled-core/1.1.7/a60ff9a54cbeb30ec44c89e16ac4c35913cbad5a/parboiled-core-1.1.7.jar
2016-07-30 01:35:03.205+0000 INFO  [o.n.k.i.DiagnosticsManager]  [classpath + loader.0] file:/Users/waller/.gradle/caches/modules-2/files-2.1/org.springframework.boot/spring-boot-starter/1.3.6.RELEASE/eb4181e48cbe0edab189b114e63c18593b23b77d/spring-boot-starter-1.3.6.RELEASE.jar
2016-07-30 01:35:03.205+0000 INFO  [o.n.k.i.DiagnosticsManager]  [classpath + loader.0] file:/Users/waller/.gradle/caches/modules-2/files-2.1/org.neo4j/neo4j-codegen/3.1.0-M05/a933fa1874cc8c7085fbaaddadfff2c89a46d8a3/neo4j-codegen-3.1.0-M05.jar
2016-07-30 01:35:03.205+0000 INFO  [o.n.k.i.DiagnosticsManager]  [classpath + loader.0] file:/Users/waller/.gradle/caches/modules-2/files-2.1/org.neo4j/neo4j-cypher-frontend-3.0/3.0.3/e572f3aec5d4dc89b21244e6967c2c42419100ee/neo4j-cypher-frontend-3.0-3.0.3.jar
2016-07-30 01:35:03.205+0000 INFO  [o.n.k.i.DiagnosticsManager]  [loader.1] file:/Library/Java/JavaVirtualMachines/jdk1.8.0_11.jdk/Contents/Home/jre/lib/ext/localedata.jar
2016-07-30 01:35:03.205+0000 INFO  [o.n.k.i.DiagnosticsManager]  [bootstrap + classpath + loader.0] file:/Library/Java/JavaVirtualMachines/jdk1.8.0_11.jdk/Contents/Home/jre/lib/jce.jar
2016-07-30 01:35:03.205+0000 INFO  [o.n.k.i.DiagnosticsManager]  [classpath + loader.0] file:/Library/Java/JavaVirtualMachines/jdk1.8.0_11.jdk/Contents/Home/jre/lib/plugin.jar
2016-07-30 01:35:03.205+0000 INFO  [o.n.k.i.DiagnosticsManager]  [classpath + loader.0] file:/Users/waller/.gradle/caches/modules-2/files-2.1/org.neo4j/neo4j-graph-algo/3.1.0-M05/2c92050dc0481a8b163e0c52e9f35306522eb08b/neo4j-graph-algo-3.1.0-M05.jar
2016-07-30 01:35:03.205+0000 INFO  [o.n.k.i.DiagnosticsManager]  [classpath + loader.0] file:/Users/waller/.gradle/caches/modules-2/files-2.1/xpp3/xpp3_min/1.1.4c/19d4e90b43059058f6e056f794f0ea4030d60b86/xpp3_min-1.1.4c.jar
2016-07-30 01:35:03.205+0000 INFO  [o.n.k.i.DiagnosticsManager]  [loader.1] file:/System/Library/Java/Extensions/libAppleScriptEngine.jnilib
2016-07-30 01:35:03.205+0000 INFO  [o.n.k.i.DiagnosticsManager]  [classpath + loader.0] file:/Users/waller/.gradle/caches/modules-2/files-2.1/org.springframework/spring-context/4.2.7.RELEASE/289f2906943827d37de89240dbac8fe4b315a838/spring-context-4.2.7.RELEASE.jar
2016-07-30 01:35:03.205+0000 INFO  [o.n.k.i.DiagnosticsManager]  [classpath + loader.0] file:/Users/waller/.gradle/caches/modules-2/files-2.1/org.springframework.retry/spring-retry/1.1.3.RELEASE/f9517754a9990194ed0daecb5653e48564d557ee/spring-retry-1.1.3.RELEASE.jar
2016-07-30 01:35:03.205+0000 INFO  [o.n.k.i.DiagnosticsManager]  [loader.1] file:/System/Library/Java/Extensions/dns_sd.jar
2016-07-30 01:35:03.205+0000 INFO  [o.n.k.i.DiagnosticsManager]  [loader.1] file:/Library/Java/JavaVirtualMachines/jdk1.8.0_11.jdk/Contents/Home/jre/lib/ext/cldrdata.jar
2016-07-30 01:35:03.205+0000 INFO  [o.n.k.i.DiagnosticsManager]  [classpath + loader.0] file:/Users/waller/.gradle/caches/modules-2/files-2.1/org.springframework/spring-oxm/4.2.7.RELEASE/6331937e3352356edc8adb94834fba1838b5de21/spring-oxm-4.2.7.RELEASE.jar
2016-07-30 01:35:03.205+0000 INFO  [o.n.k.i.DiagnosticsManager]  [classpath + loader.0] file:/Users/waller/.gradle/caches/modules-2/files-2.1/org.neo4j/neo4j-ogm-compiler/2.0.4/e4ae880147ae7f3f7c655a09d513a0a59efeccea/neo4j-ogm-compiler-2.0.4.jar
2016-07-30 01:35:03.205+0000 INFO  [o.n.k.i.DiagnosticsManager]  [loader.1] file:/System/Library/Java/Extensions/MRJToolkit.jar
2016-07-30 01:35:03.205+0000 INFO  [o.n.k.i.DiagnosticsManager]  [loader.1] file:/Library/Java/JavaVirtualMachines/jdk1.8.0_11.jdk/Contents/Home/jre/lib/ext/sunjce_provider.jar
2016-07-30 01:35:03.205+0000 INFO  [o.n.k.i.DiagnosticsManager]  [classpath + loader.0] file:/Users/waller/.gradle/caches/modules-2/files-2.1/org.springframework/spring-tx/4.2.7.RELEASE/c6db53cd8393e212b5239a1ad7a6aa0ca83d6b71/spring-tx-4.2.7.RELEASE.jar
2016-07-30 01:35:03.205+0000 INFO  [o.n.k.i.DiagnosticsManager]  [classpath + loader.0] file:/Users/waller/.gradle/caches/modules-2/files-2.1/org.springframework.boot/spring-boot-autoconfigure/1.3.6.RELEASE/6cb3cc449960a537768b7060c3eab9ebb6a07773/spring-boot-autoconfigure-1.3.6.RELEASE.jar
2016-07-30 01:35:03.205+0000 INFO  [o.n.k.i.DiagnosticsManager]  [classpath + loader.0] file:/Users/waller/.gradle/caches/modules-2/files-2.1/org.springframework/spring-beans/4.2.7.RELEASE/ae0501728c0ee072e25cb5e11b63b883c0786b4b/spring-beans-4.2.7.RELEASE.jar
2016-07-30 01:35:03.205+0000 INFO  [o.n.k.i.DiagnosticsManager]  [classpath + loader.0] file:/Users/waller/.gradle/caches/modules-2/files-2.1/org.parboiled/parboiled-scala_2.11/1.1.7/4e14ecb11f40f25216ce01dc349f541bc801354f/parboiled-scala_2.11-1.1.7.jar
2016-07-30 01:35:03.205+0000 INFO  [o.n.k.i.DiagnosticsManager]  [classpath + loader.0] file:/Users/waller/.gradle/caches/modules-2/files-2.1/ch.qos.logback/logback-core/1.1.7/7873092d39ef741575ca91378a6a21c388363ac8/logback-core-1.1.7.jar
2016-07-30 01:35:03.205+0000 INFO  [o.n.k.i.DiagnosticsManager]  [bootstrap + classpath + loader.0] file:/Library/Java/JavaVirtualMachines/jdk1.8.0_11.jdk/Contents/Home/jre/lib/rt.jar
2016-07-30 01:35:03.205+0000 INFO  [o.n.k.i.DiagnosticsManager]  [classpath + loader.0] file:/Users/waller/.gradle/caches/modules-2/files-2.1/org.springframework/spring-test/4.2.7.RELEASE/fdc494c1888dba0bc8e5a4c33f413cf1dea44e2d/spring-test-4.2.7.RELEASE.jar
2016-07-30 01:35:03.205+0000 INFO  [o.n.k.i.DiagnosticsManager]  [loader.1] file:/System/Library/Java/Extensions/mlibwrapper_jai.jar
2016-07-30 01:35:03.205+0000 INFO  [o.n.k.i.DiagnosticsManager]  [classpath + loader.0] file:/Users/waller/.gradle/caches/modules-2/files-2.1/org.hsqldb/hsqldb/2.3.4/5564c057c826418f8e32de5815a14aee91781b37/hsqldb-2.3.4.jar
2016-07-30 01:35:03.205+0000 INFO  [o.n.k.i.DiagnosticsManager]  [loader.1] file:/System/Library/Java/Extensions/libJ3DUtils.jnilib
2016-07-30 01:35:03.205+0000 INFO  [o.n.k.i.DiagnosticsManager]  [classpath + loader.0] file:/Users/waller/.gradle/caches/modules-2/files-2.1/org.spockframework/spock-core/1.1-groovy-2.4-rc-1/4c904450fd17ceb217683f4ba60dee32c297d2f1/spock-core-1.1-groovy-2.4-rc-1.jar
2016-07-30 01:35:03.205+0000 INFO  [o.n.k.i.DiagnosticsManager]  [classpath + loader.0] file:/Users/waller/.gradle/caches/modules-2/files-2.1/org.springframework/spring-messaging/4.2.7.RELEASE/4f7e68dd042d281d831841db7af37f085679ab7b/spring-messaging-4.2.7.RELEASE.jar
2016-07-30 01:35:03.206+0000 INFO  [o.n.k.i.DiagnosticsManager]  [classpath + loader.0] file:/Users/waller/.gradle/caches/modules-2/files-2.1/ch.qos.logback/logback-classic/1.1.7/9865cf6994f9ff13fce0bf93f2054ef6c65bb462/logback-classic-1.1.7.jar
2016-07-30 01:35:03.206+0000 INFO  [o.n.k.i.DiagnosticsManager]  [classpath + loader.0] file:/Users/waller/.gradle/caches/modules-2/files-2.1/org.apache.httpcomponents/httpclient/4.5.2/733db77aa8d9b2d68015189df76ab06304406e50/httpclient-4.5.2.jar
2016-07-30 01:35:03.206+0000 INFO  [o.n.k.i.DiagnosticsManager]  [loader.1] file:/System/Library/Java/Extensions/AppleScriptEngine.jar
2016-07-30 01:35:03.206+0000 INFO  [o.n.k.i.DiagnosticsManager]  [classpath + loader.0] file:/Users/waller/.gradle/caches/modules-2/files-2.1/org.hamcrest/hamcrest-library/1.3/4785a3c21320980282f9f33d0d1264a69040538f/hamcrest-library-1.3.jar
2016-07-30 01:35:03.206+0000 INFO  [o.n.k.i.DiagnosticsManager]  [classpath + loader.0] file:/Users/waller/.gradle/caches/modules-2/files-2.1/org.neo4j/neo4j-io/3.1.0-M05/293d461452fc6bc6192fbcd717f46e52277ad7af/neo4j-io-3.1.0-M05.jar
2016-07-30 01:35:03.206+0000 INFO  [o.n.k.i.DiagnosticsManager]  [classpath + loader.0] file:/Library/Java/JavaVirtualMachines/jdk1.8.0_11.jdk/Contents/Home/jre/lib/htmlconverter.jar
2016-07-30 01:35:03.206+0000 INFO  [o.n.k.i.DiagnosticsManager]  [classpath + loader.0] file:/Users/waller/.gradle/caches/modules-2/files-2.1/org.neo4j/neo4j-primitive-collections/3.1.0-M05/cec46e86b739e6d3f107225f260be47789460b9c/neo4j-primitive-collections-3.1.0-M05.jar
2016-07-30 01:35:03.206+0000 INFO  [o.n.k.i.DiagnosticsManager]  [classpath + loader.0] file:/Library/Java/JavaVirtualMachines/jdk1.8.0_11.jdk/Contents/Home/lib/javafx-mx.jar
2016-07-30 01:35:03.206+0000 INFO  [o.n.k.i.DiagnosticsManager]  [classpath + loader.0] file:/Users/waller/IdeaProjects/Pdb2Neo4j/build/resources/integTest/
2016-07-30 01:35:03.206+0000 INFO  [o.n.k.i.DiagnosticsManager]  [classpath + loader.0] file:/Users/waller/.gradle/caches/modules-2/files-2.1/org.neo4j/neo4j-collections/3.1.0-M05/58f40fa304e8346ffb68d09f1aa2559ee7a1e15/neo4j-collections-3.1.0-M05.jar
2016-07-30 01:35:03.206+0000 INFO  [o.n.k.i.DiagnosticsManager]  [classpath + loader.0] file:/Users/waller/.gradle/caches/modules-2/files-2.1/org.neo4j/neo4j-ogm-http-driver/2.0.4/f30ed47cb97a2890f9c41b27cf1482435bb72953/neo4j-ogm-http-driver-2.0.4.jar
2016-07-30 01:35:03.206+0000 INFO  [o.n.k.i.DiagnosticsManager]  [classpath + loader.0] file:/Library/Java/JavaVirtualMachines/jdk1.8.0_11.jdk/Contents/Home/lib/sa-jdi.jar
2016-07-30 01:35:03.206+0000 INFO  [o.n.k.i.DiagnosticsManager]  [classpath + loader.0] file:/Users/waller/.gradle/caches/modules-2/files-2.1/javax.batch/javax.batch-api/1.0.1/2562072ef44e364529ebf7c48cf44e4568cbd8f5/javax.batch-api-1.0.1.jar
2016-07-30 01:35:03.206+0000 INFO  [o.n.k.i.DiagnosticsManager]  [classpath + loader.0] file:/Users/waller/.gradle/caches/modules-2/files-2.1/org.springframework.boot/spring-boot/1.3.6.RELEASE/535e6024988998f891f1f9df403e804c093df06b/spring-boot-1.3.6.RELEASE.jar
2016-07-30 01:35:03.206+0000 INFO  [o.n.k.i.DiagnosticsManager]  [loader.1] file:/usr/lib/java/libjdns_sd.jnilib
2016-07-30 01:35:03.206+0000 INFO  [o.n.k.i.DiagnosticsManager]  [classpath + loader.0] file:/Users/waller/.gradle/caches/modules-2/files-2.1/org.neo4j/neo4j-ogm-embedded-driver/2.0.4/d64d56f78d6a564f3619654fb2ef76f6acdbfece/neo4j-ogm-embedded-driver-2.0.4.jar
2016-07-30 01:35:03.206+0000 INFO  [o.n.k.i.DiagnosticsManager]  [classpath + loader.0] file:/Users/waller/.gradle/caches/modules-2/files-2.1/org.springframework.integration/spring-integration-core/4.2.8.RELEASE/bc393c364be1c8efef6d3e32932cadb24fa97606/spring-integration-core-4.2.8.RELEASE.jar
2016-07-30 01:35:03.206+0000 INFO  [o.n.k.i.DiagnosticsManager]  [loader.1] file:/Library/Java/JavaVirtualMachines/jdk1.8.0_11.jdk/Contents/Home/jre/lib/ext/zipfs.jar
2016-07-30 01:35:03.206+0000 INFO  [o.n.k.i.DiagnosticsManager]  [classpath + loader.0] file:/Users/waller/.gradle/caches/modules-2/files-2.1/org.springframework.boot/spring-boot-starter-test/1.3.6.RELEASE/40f7d3f1b736b974e93f53b12c941f686a372ccd/spring-boot-starter-test-1.3.6.RELEASE.jar
2016-07-30 01:35:03.206+0000 INFO  [o.n.k.i.DiagnosticsManager]  [bootstrap + classpath + loader.0] file:/Library/Java/JavaVirtualMachines/jdk1.8.0_11.jdk/Contents/Home/jre/lib/jsse.jar
2016-07-30 01:35:03.206+0000 INFO  [o.n.k.i.DiagnosticsManager]  [classpath + loader.0] file:/Users/waller/.gradle/caches/modules-2/files-2.1/org.springframework/spring-aop/4.2.7.RELEASE/bd65f97ba61fd3dcc0b74765d3fa388aeb388aa7/spring-aop-4.2.7.RELEASE.jar
2016-07-30 01:35:03.206+0000 INFO  [o.n.k.i.DiagnosticsManager]  [classpath + loader.0] file:/Users/waller/.gradle/caches/modules-2/files-2.1/cglib/cglib-nodep/3.2.4/42c972dee25a436b32c6027e848287ff47ed6750/cglib-nodep-3.2.4.jar
2016-07-30 01:35:03.206+0000 INFO  [o.n.k.i.DiagnosticsManager]  [classpath + loader.0] file:/Users/waller/.gradle/caches/modules-2/files-2.1/org.codehaus.jettison/jettison/1.2/765a6181653f4b05c18c7a9e8f5c1f8269bf9b2/jettison-1.2.jar
2016-07-30 01:35:03.206+0000 INFO  [o.n.k.i.DiagnosticsManager]  [classpath + loader.0] file:/Users/waller/.gradle/caches/modules-2/files-2.1/org.springframework.batch/spring-batch-integration/3.0.7.RELEASE/d12677e9cf2b9d21736d9305bfe1f10d98459e48/spring-batch-integration-3.0.7.RELEASE.jar
2016-07-30 01:35:03.206+0000 INFO  [o.n.k.i.DiagnosticsManager]  [classpath + loader.0] file:/Users/waller/.gradle/caches/modules-2/files-2.1/org.neo4j/neo4j-kernel/3.1.0-M05/69aa143abcf31ab09b8c3b6057f9864f641c045/neo4j-kernel-3.1.0-M05.jar
2016-07-30 01:35:03.206+0000 INFO  [o.n.k.i.DiagnosticsManager]  [classpath + loader.0] file:/Users/waller/.gradle/caches/modules-2/files-2.1/org.neo4j/neo4j-ogm-api/2.0.4/dce386c02892fa09476c91cc7613e44f51a8fb6f/neo4j-ogm-api-2.0.4.jar
2016-07-30 01:35:03.206+0000 INFO  [o.n.k.i.DiagnosticsManager]  [classpath + loader.0] file:/Users/waller/.gradle/caches/modules-2/files-2.1/xmlpull/xmlpull/1.1.3.1/2b8e230d2ab644e4ecaa94db7cdedbc40c805dfa/xmlpull-1.1.3.1.jar
2016-07-30 01:35:03.206+0000 INFO  [o.n.k.i.DiagnosticsManager]  [classpath + loader.0] file:/Library/Java/JavaVirtualMachines/jdk1.8.0_11.jdk/Contents/Home/lib/tools.jar
2016-07-30 01:35:03.206+0000 INFO  [o.n.k.i.DiagnosticsManager]  [bootstrap + classpath + loader.0] file:/Library/Java/JavaVirtualMachines/jdk1.8.0_11.jdk/Contents/Home/jre/lib/jfr.jar
2016-07-30 01:35:03.206+0000 INFO  [o.n.k.i.DiagnosticsManager]  [loader.1] file:/System/Library/Java/Extensions/j3dcore.jar
2016-07-30 01:35:03.206+0000 INFO  [o.n.k.i.DiagnosticsManager]  [classpath] /Applications/IntelliJ IDEA.app/Contents/lib/idea_rt.jar
2016-07-30 01:35:03.206+0000 INFO  [o.n.k.i.DiagnosticsManager] Library path:
2016-07-30 01:35:03.206+0000 INFO  [o.n.k.i.DiagnosticsManager] /Users/waller/Library/Java/Extensions
2016-07-30 01:35:03.206+0000 INFO  [o.n.k.i.DiagnosticsManager] /Library/Java/Extensions
2016-07-30 01:35:03.206+0000 INFO  [o.n.k.i.DiagnosticsManager] /Network/Library/Java/Extensions
2016-07-30 01:35:03.206+0000 INFO  [o.n.k.i.DiagnosticsManager] /System/Library/Java/Extensions
2016-07-30 01:35:03.206+0000 INFO  [o.n.k.i.DiagnosticsManager] /usr/lib/java
2016-07-30 01:35:03.206+0000 INFO  [o.n.k.i.DiagnosticsManager] /Users/waller/IdeaProjects/Pdb2Neo4j
2016-07-30 01:35:03.206+0000 INFO  [o.n.k.i.DiagnosticsManager] System.properties:
2016-07-30 01:35:03.207+0000 INFO  [o.n.k.i.DiagnosticsManager] sun.boot.library.path = /Library/Java/JavaVirtualMachines/jdk1.8.0_11.jdk/Contents/Home/jre/lib
2016-07-30 01:35:03.207+0000 INFO  [o.n.k.i.DiagnosticsManager] user.country.format = DE
2016-07-30 01:35:03.207+0000 INFO  [o.n.k.i.DiagnosticsManager] gopherProxySet = false
2016-07-30 01:35:03.207+0000 INFO  [o.n.k.i.DiagnosticsManager] path.separator = :
2016-07-30 01:35:03.207+0000 INFO  [o.n.k.i.DiagnosticsManager] idea.launcher.port = 7534
2016-07-30 01:35:03.207+0000 INFO  [o.n.k.i.DiagnosticsManager] file.encoding.pkg = sun.io
2016-07-30 01:35:03.207+0000 INFO  [o.n.k.i.DiagnosticsManager] user.country = US
2016-07-30 01:35:03.207+0000 INFO  [o.n.k.i.DiagnosticsManager] sun.java.launcher = SUN_STANDARD
2016-07-30 01:35:03.207+0000 INFO  [o.n.k.i.DiagnosticsManager] sun.os.patch.level = unknown
2016-07-30 01:35:03.207+0000 INFO  [o.n.k.i.DiagnosticsManager] PID = 13735
2016-07-30 01:35:03.207+0000 INFO  [o.n.k.i.DiagnosticsManager] user.dir = /Users/waller/IdeaProjects/Pdb2Neo4j
2016-07-30 01:35:03.207+0000 INFO  [o.n.k.i.DiagnosticsManager] org.jboss.logging.provider = slf4j
2016-07-30 01:35:03.207+0000 INFO  [o.n.k.i.DiagnosticsManager] sun.jnu.encoding = UTF-8
2016-07-30 01:35:03.207+0000 INFO  [o.n.k.i.DiagnosticsManager] spring.beaninfo.ignore = true
2016-07-30 01:35:03.207+0000 INFO  [o.n.k.i.DiagnosticsManager] sun.management.compiler = HotSpot 64-Bit Tiered Compilers
2016-07-30 01:35:03.207+0000 INFO  [o.n.k.i.DiagnosticsManager] user.home = /Users/waller
2016-07-30 01:35:03.207+0000 INFO  [o.n.k.i.DiagnosticsManager] user.timezone = Asia/Shanghai
2016-07-30 01:35:03.207+0000 INFO  [o.n.k.i.DiagnosticsManager] file.encoding = UTF-8
2016-07-30 01:35:03.207+0000 INFO  [o.n.k.i.DiagnosticsManager] idea.launcher.bin.path = /Applications/IntelliJ IDEA.app/Contents/bin
2016-07-30 01:35:03.207+0000 INFO  [o.n.k.i.DiagnosticsManager] user.name = waller
2016-07-30 01:35:03.207+0000 INFO  [o.n.k.i.DiagnosticsManager] sun.java.command = com.intellij.rt.execution.application.AppMain com.intellij.rt.execution.junit.JUnitStarter -ideVersion5 org.wallerlab.Pdb2Neo4jSpec, assert app can function
2016-07-30 01:35:03.207+0000 INFO  [o.n.k.i.DiagnosticsManager] sun.arch.data.model = 64
2016-07-30 01:35:03.207+0000 INFO  [o.n.k.i.DiagnosticsManager] user.language = en
2016-07-30 01:35:03.207+0000 INFO  [o.n.k.i.DiagnosticsManager] awt.toolkit = sun.lwawt.macosx.LWCToolkit
2016-07-30 01:35:03.207+0000 INFO  [o.n.k.i.DiagnosticsManager] idea.junit.sm_runner = 
2016-07-30 01:35:03.207+0000 INFO  [o.n.k.i.DiagnosticsManager] file.separator = /
2016-07-30 01:35:03.207+0000 INFO  [o.n.k.i.DiagnosticsManager] sun.io.unicode.encoding = UnicodeBig
2016-07-30 01:35:03.207+0000 INFO  [o.n.k.i.DiagnosticsManager] sun.cpu.endian = little
2016-07-30 01:35:03.207+0000 INFO  [o.n.k.i.DiagnosticsManager] sun.cpu.isalist = 
2016-07-30 01:35:03.207+0000 INFO  [o.n.k.i.DiagnosticsManager] Network information:
2016-07-30 01:35:03.208+0000 INFO  [o.n.k.i.DiagnosticsManager] Interface awdl0:
2016-07-30 01:35:03.208+0000 INFO  [o.n.k.i.DiagnosticsManager]     address: fe80:0:0:0:b0c7:c2ff:fe14:2cbf%awdl0
2016-07-30 01:35:03.208+0000 INFO  [o.n.k.i.DiagnosticsManager] Interface utun0:
2016-07-30 01:35:03.208+0000 INFO  [o.n.k.i.DiagnosticsManager]     address: fe80:0:0:0:99e8:3709:6a47:5e05%utun0
2016-07-30 01:35:03.208+0000 INFO  [o.n.k.i.DiagnosticsManager]     address: fe80:0:0:0:3e15:c2ff:fed8:5b28%utun0
2016-07-30 01:35:03.208+0000 INFO  [o.n.k.i.DiagnosticsManager]     address: 10.68.15.26
2016-07-30 01:35:03.208+0000 INFO  [o.n.k.i.DiagnosticsManager] Interface en0:
2016-07-30 01:35:03.208+0000 INFO  [o.n.k.i.DiagnosticsManager]     address: fe80:0:0:0:3e15:c2ff:fed8:5b28%en0
2016-07-30 01:35:03.208+0000 INFO  [o.n.k.i.DiagnosticsManager]     address: 192.168.1.103
2016-07-30 01:35:03.208+0000 INFO  [o.n.k.i.DiagnosticsManager] Interface lo0:
2016-07-30 01:35:03.208+0000 INFO  [o.n.k.i.DiagnosticsManager]     address: fe80:0:0:0:0:0:0:1%lo0
2016-07-30 01:35:03.209+0000 INFO  [o.n.k.i.DiagnosticsManager]     address: 0:0:0:0:0:0:0:1
2016-07-30 01:35:03.209+0000 INFO  [o.n.k.i.DiagnosticsManager]     address: 127.0.0.1
2016-07-30 01:35:03.209+0000 INFO  [o.n.k.i.DiagnosticsManager] --- INITIALIZED diagnostics END ---
2016-07-30 01:35:03.308+0000 INFO  [o.n.k.i.s.f.RecordFormatSelector] Selected format 'RecordFormat:StandardV3_0[v0.A.7]' for the new store
2016-07-30 01:35:04.303+0000 INFO  [o.n.k.a.i.l.LuceneLabelScanStore] No lucene scan store index found, this might just be first use. Preparing to rebuild.
2016-07-30 01:35:04.527+0000 INFO  [o.n.k.NeoStoreDataSource] Opened logical log [/Users/waller/IdeaProjects/Pdb2Neo4j/db/neostore.transaction.db.0] version=0, lastTxId=1 (clean)
2016-07-30 01:35:04.535+0000 WARN  [o.n.k.i.s.MetaDataStore] Missing counts store, rebuilding it.
2016-07-30 01:35:04.631+0000 INFO  [o.n.k.a.i.l.LuceneLabelScanStore] Rebuilding lucene scan store, this may take a while
2016-07-30 01:35:04.638+0000 INFO  [o.n.k.a.i.l.LuceneLabelScanStore] Lucene scan store rebuilt (roughly 0 nodes)
2016-07-30 01:35:04.641+0000 INFO  [o.n.k.i.DatabaseHealth] Database health set to OK
2016-07-30 01:35:04.857+0000 INFO  [o.n.k.AvailabilityGuard] Fulfilling of requirement makes database available: Database available
2016-07-30 01:35:04.858+0000 INFO  [o.n.k.i.f.GraphDatabaseFacadeFactory] Database is now ready
2016-07-30 01:35:04.859+0000 INFO  [o.n.k.i.DiagnosticsManager] --- STARTED diagnostics for KernelDiagnostics:Versions START ---
2016-07-30 01:35:04.859+0000 INFO  [o.n.k.i.DiagnosticsManager] Graph Database: community single StoreId{creationTime=1469842503438, randomId=-8469220004677295167, storeVersion=15531981201765894, upgradeTime=1469842503438, upgradeId=1}
2016-07-30 01:35:04.859+0000 INFO  [o.n.k.i.DiagnosticsManager] Kernel version: 3.1.0-M05,399e9bc
2016-07-30 01:35:04.859+0000 INFO  [o.n.k.i.DiagnosticsManager] --- STARTED diagnostics for KernelDiagnostics:Versions END ---
2016-07-30 01:35:04.861+0000 INFO  [o.n.k.i.DiagnosticsManager] --- STARTED diagnostics for NEO_STORE_VERSIONS START ---
2016-07-30 01:35:04.861+0000 INFO  [o.n.k.i.DiagnosticsManager] Store versions:
2016-07-30 01:35:04.861+0000 INFO  [o.n.k.i.DiagnosticsManager] Store versions:
2016-07-30 01:35:04.861+0000 INFO  [o.n.k.i.DiagnosticsManager]   ArrayPropertyStore v0.A.7
2016-07-30 01:35:04.861+0000 INFO  [o.n.k.i.DiagnosticsManager]   NodeStore v0.A.7
2016-07-30 01:35:04.861+0000 INFO  [o.n.k.i.DiagnosticsManager]   StringPropertyStore v0.A.7
2016-07-30 01:35:04.861+0000 INFO  [o.n.k.i.DiagnosticsManager]   PropertyIndexStore v0.A.7
2016-07-30 01:35:04.861+0000 INFO  [o.n.k.i.DiagnosticsManager]   StringPropertyStore v0.A.7
2016-07-30 01:35:04.861+0000 INFO  [o.n.k.i.DiagnosticsManager]   ArrayPropertyStore v0.A.7
2016-07-30 01:35:04.861+0000 INFO  [o.n.k.i.DiagnosticsManager]   PropertyStore v0.A.7
2016-07-30 01:35:04.861+0000 INFO  [o.n.k.i.DiagnosticsManager]   RelationshipStore v0.A.7
2016-07-30 01:35:04.861+0000 INFO  [o.n.k.i.DiagnosticsManager]   StringPropertyStore v0.A.7
2016-07-30 01:35:04.861+0000 INFO  [o.n.k.i.DiagnosticsManager]   RelationshipTypeStore v0.A.7
2016-07-30 01:35:04.861+0000 INFO  [o.n.k.i.DiagnosticsManager]   StringPropertyStore v0.A.7
2016-07-30 01:35:04.862+0000 INFO  [o.n.k.i.DiagnosticsManager]   LabelTokenStore v0.A.7
2016-07-30 01:35:04.862+0000 INFO  [o.n.k.i.DiagnosticsManager]   SchemaStore v0.A.7
2016-07-30 01:35:04.862+0000 INFO  [o.n.k.i.DiagnosticsManager]   RelationshipGroupStore v0.A.7
2016-07-30 01:35:04.862+0000 INFO  [o.n.k.i.DiagnosticsManager]   NeoStore v0.A.7
2016-07-30 01:35:04.862+0000 INFO  [o.n.k.i.DiagnosticsManager] --- STARTED diagnostics for NEO_STORE_VERSIONS END ---
2016-07-30 01:35:04.862+0000 INFO  [o.n.k.i.DiagnosticsManager] --- STARTED diagnostics for NEO_STORE_ID_USAGE START ---
2016-07-30 01:35:04.862+0000 INFO  [o.n.k.i.DiagnosticsManager] Id usage:
2016-07-30 01:35:04.862+0000 INFO  [o.n.k.i.DiagnosticsManager] Id usage:
2016-07-30 01:35:04.862+0000 INFO  [o.n.k.i.DiagnosticsManager]   ArrayPropertyStore: used=1 high=0
2016-07-30 01:35:04.862+0000 INFO  [o.n.k.i.DiagnosticsManager]   NodeStore: used=0 high=-1
2016-07-30 01:35:04.862+0000 INFO  [o.n.k.i.DiagnosticsManager]   StringPropertyStore: used=1 high=0
2016-07-30 01:35:04.862+0000 INFO  [o.n.k.i.DiagnosticsManager]   PropertyIndexStore: used=0 high=-1
2016-07-30 01:35:04.862+0000 INFO  [o.n.k.i.DiagnosticsManager]   StringPropertyStore: used=1 high=0
2016-07-30 01:35:04.862+0000 INFO  [o.n.k.i.DiagnosticsManager]   ArrayPropertyStore: used=1 high=0
2016-07-30 01:35:04.862+0000 INFO  [o.n.k.i.DiagnosticsManager]   PropertyStore: used=0 high=-1
2016-07-30 01:35:04.862+0000 INFO  [o.n.k.i.DiagnosticsManager]   RelationshipStore: used=0 high=-1
2016-07-30 01:35:04.862+0000 INFO  [o.n.k.i.DiagnosticsManager]   StringPropertyStore: used=1 high=0
2016-07-30 01:35:04.863+0000 INFO  [o.n.k.i.DiagnosticsManager]   RelationshipTypeStore: used=0 high=-1
2016-07-30 01:35:04.863+0000 INFO  [o.n.k.i.DiagnosticsManager]   StringPropertyStore: used=1 high=0
2016-07-30 01:35:04.863+0000 INFO  [o.n.k.i.DiagnosticsManager]   LabelTokenStore: used=0 high=-1
2016-07-30 01:35:04.863+0000 INFO  [o.n.k.i.DiagnosticsManager]   SchemaStore: used=1 high=0
2016-07-30 01:35:04.863+0000 INFO  [o.n.k.i.DiagnosticsManager]   RelationshipGroupStore: used=1 high=0
2016-07-30 01:35:04.863+0000 INFO  [o.n.k.i.DiagnosticsManager]   NeoStore: used=15 high=14
2016-07-30 01:35:04.863+0000 INFO  [o.n.k.i.DiagnosticsManager] --- STARTED diagnostics for NEO_STORE_ID_USAGE END ---
2016-07-30 01:35:04.863+0000 INFO  [o.n.k.i.DiagnosticsManager] --- STARTED diagnostics for NEO_STORE_RECORDS START ---
2016-07-30 01:35:04.863+0000 INFO  [o.n.k.i.DiagnosticsManager] Neostore records:
2016-07-30 01:35:04.864+0000 INFO  [o.n.k.i.DiagnosticsManager] TIME (Creation time): 1469842503438
2016-07-30 01:35:04.864+0000 INFO  [o.n.k.i.DiagnosticsManager] RANDOM_NUMBER (Random number for store id): -8469220004677295167
2016-07-30 01:35:04.864+0000 INFO  [o.n.k.i.DiagnosticsManager] LOG_VERSION (Current log version): 0
2016-07-30 01:35:04.864+0000 INFO  [o.n.k.i.DiagnosticsManager] LAST_TRANSACTION_ID (Last committed transaction): 1
2016-07-30 01:35:04.864+0000 INFO  [o.n.k.i.DiagnosticsManager] STORE_VERSION (Store format version): 15531981201765894
2016-07-30 01:35:04.864+0000 INFO  [o.n.k.i.DiagnosticsManager] FIRST_GRAPH_PROPERTY (First property record containing graph properties): -1
2016-07-30 01:35:04.864+0000 INFO  [o.n.k.i.DiagnosticsManager] LAST_CONSTRAINT_TRANSACTION (Last committed transaction containing constraint changes): 0
2016-07-30 01:35:04.864+0000 INFO  [o.n.k.i.DiagnosticsManager] UPGRADE_TRANSACTION_ID (Transaction id most recent upgrade was performed at): 1
2016-07-30 01:35:04.864+0000 INFO  [o.n.k.i.DiagnosticsManager] UPGRADE_TIME (Time of last upgrade): 1469842503438
2016-07-30 01:35:04.864+0000 INFO  [o.n.k.i.DiagnosticsManager] LAST_TRANSACTION_CHECKSUM (Checksum of last committed transaction): 0
2016-07-30 01:35:04.864+0000 INFO  [o.n.k.i.DiagnosticsManager] UPGRADE_TRANSACTION_CHECKSUM (Checksum of transaction id the most recent upgrade was performed at): 0
2016-07-30 01:35:04.864+0000 INFO  [o.n.k.i.DiagnosticsManager] LAST_CLOSED_TRANSACTION_LOG_VERSION (Log version where the last transaction commit entry has been written into): 0
2016-07-30 01:35:04.864+0000 INFO  [o.n.k.i.DiagnosticsManager] LAST_CLOSED_TRANSACTION_LOG_BYTE_OFFSET (Byte offset in the log file where the last transaction commit entry has been written into): 16
2016-07-30 01:35:04.864+0000 INFO  [o.n.k.i.DiagnosticsManager] LAST_TRANSACTION_COMMIT_TIMESTAMP (Commit time timestamp for last committed transaction): 0
2016-07-30 01:35:04.864+0000 INFO  [o.n.k.i.DiagnosticsManager] UPGRADE_TRANSACTION_COMMIT_TIMESTAMP (Commit timestamp of transaction the most recent upgrade was performed at): 0
2016-07-30 01:35:04.864+0000 INFO  [o.n.k.i.DiagnosticsManager] --- STARTED diagnostics for NEO_STORE_RECORDS END ---
2016-07-30 01:35:04.865+0000 INFO  [o.n.k.i.DiagnosticsManager] --- STARTED diagnostics for TRANSACTION_RANGE START ---
2016-07-30 01:35:04.865+0000 INFO  [o.n.k.i.DiagnosticsManager] Transaction log:
2016-07-30 01:35:04.866+0000 INFO  [o.n.k.i.DiagnosticsManager] No transactions found in any log
2016-07-30 01:35:04.866+0000 INFO  [o.n.k.i.DiagnosticsManager] --- STARTED diagnostics for TRANSACTION_RANGE END ---
2016-07-30 01:35:04.866+0000 INFO  [o.n.k.i.DiagnosticsManager] --- STARTED diagnostics for KernelDiagnostics:StoreFiles START ---
2016-07-30 01:35:04.866+0000 INFO  [o.n.k.i.DiagnosticsManager] Disk space on partition (Total / Free / Free %): 499046809600 / 100520542208 / 20
Storage files: (filename : modification date - size)
2016-07-30 01:35:04.867+0000 INFO  [o.n.k.i.DiagnosticsManager]   .DS_Store: 2016-07-30T09:35:03+0800 - 6.00 kB
2016-07-30 01:35:04.867+0000 INFO  [o.n.k.i.DiagnosticsManager]   index:
2016-07-30 01:35:04.867+0000 INFO  [o.n.k.i.DiagnosticsManager]   - Total: 2016-07-30T09:35:04+0800 - 0.00 B
2016-07-30 01:35:04.867+0000 INFO  [o.n.k.i.DiagnosticsManager]   logs:
2016-07-30 01:35:04.868+0000 INFO  [o.n.k.i.DiagnosticsManager]     debug.log: 2016-07-30T09:35:04+0800 - 52.51 kB
2016-07-30 01:35:04.868+0000 INFO  [o.n.k.i.DiagnosticsManager]   - Total: 2016-07-30T09:35:02+0800 - 52.51 kB
2016-07-30 01:35:04.868+0000 INFO  [o.n.k.i.DiagnosticsManager]   neostore: 2016-07-30T09:35:03+0800 - 8.00 kB
2016-07-30 01:35:04.868+0000 INFO  [o.n.k.i.DiagnosticsManager]   neostore.counts.db.a: 2016-07-30T09:35:04+0800 - 96.00 B
2016-07-30 01:35:04.868+0000 INFO  [o.n.k.i.DiagnosticsManager]   neostore.id: 2016-07-30T09:35:03+0800 - 9.00 B
2016-07-30 01:35:04.868+0000 INFO  [o.n.k.i.DiagnosticsManager]   neostore.labeltokenstore.db: 2016-07-30T09:35:03+0800 - 0.00 B
2016-07-30 01:35:04.868+0000 INFO  [o.n.k.i.DiagnosticsManager]   neostore.labeltokenstore.db.id: 2016-07-30T09:35:03+0800 - 9.00 B
2016-07-30 01:35:04.868+0000 INFO  [o.n.k.i.DiagnosticsManager]   neostore.labeltokenstore.db.names: 2016-07-30T09:35:03+0800 - 8.00 kB
2016-07-30 01:35:04.868+0000 INFO  [o.n.k.i.DiagnosticsManager]   neostore.labeltokenstore.db.names.id: 2016-07-30T09:35:03+0800 - 9.00 B
2016-07-30 01:35:04.869+0000 INFO  [o.n.k.i.DiagnosticsManager]   neostore.nodestore.db: 2016-07-30T09:35:03+0800 - 0.00 B
2016-07-30 01:35:04.869+0000 INFO  [o.n.k.i.DiagnosticsManager]   neostore.nodestore.db.id: 2016-07-30T09:35:03+0800 - 9.00 B
2016-07-30 01:35:04.869+0000 INFO  [o.n.k.i.DiagnosticsManager]   neostore.nodestore.db.labels: 2016-07-30T09:35:03+0800 - 8.00 kB
2016-07-30 01:35:04.869+0000 INFO  [o.n.k.i.DiagnosticsManager]   neostore.nodestore.db.labels.id: 2016-07-30T09:35:03+0800 - 9.00 B
2016-07-30 01:35:04.869+0000 INFO  [o.n.k.i.DiagnosticsManager]   neostore.propertystore.db: 2016-07-30T09:35:03+0800 - 0.00 B
2016-07-30 01:35:04.869+0000 INFO  [o.n.k.i.DiagnosticsManager]   neostore.propertystore.db.arrays: 2016-07-30T09:35:03+0800 - 8.00 kB
2016-07-30 01:35:04.869+0000 INFO  [o.n.k.i.DiagnosticsManager]   neostore.propertystore.db.arrays.id: 2016-07-30T09:35:03+0800 - 9.00 B
2016-07-30 01:35:04.869+0000 INFO  [o.n.k.i.DiagnosticsManager]   neostore.propertystore.db.id: 2016-07-30T09:35:03+0800 - 9.00 B
2016-07-30 01:35:04.869+0000 INFO  [o.n.k.i.DiagnosticsManager]   neostore.propertystore.db.index: 2016-07-30T09:35:03+0800 - 0.00 B
2016-07-30 01:35:04.869+0000 INFO  [o.n.k.i.DiagnosticsManager]   neostore.propertystore.db.index.id: 2016-07-30T09:35:03+0800 - 9.00 B
2016-07-30 01:35:04.870+0000 INFO  [o.n.k.i.DiagnosticsManager]   neostore.propertystore.db.index.keys: 2016-07-30T09:35:03+0800 - 8.00 kB
2016-07-30 01:35:04.870+0000 INFO  [o.n.k.i.DiagnosticsManager]   neostore.propertystore.db.index.keys.id: 2016-07-30T09:35:03+0800 - 9.00 B
2016-07-30 01:35:04.870+0000 INFO  [o.n.k.i.DiagnosticsManager]   neostore.propertystore.db.strings: 2016-07-30T09:35:03+0800 - 8.00 kB
2016-07-30 01:35:04.870+0000 INFO  [o.n.k.i.DiagnosticsManager]   neostore.propertystore.db.strings.id: 2016-07-30T09:35:03+0800 - 9.00 B
2016-07-30 01:35:04.870+0000 INFO  [o.n.k.i.DiagnosticsManager]   neostore.relationshipgroupstore.db: 2016-07-30T09:35:03+0800 - 8.00 kB
2016-07-30 01:35:04.870+0000 INFO  [o.n.k.i.DiagnosticsManager]   neostore.relationshipgroupstore.db.id: 2016-07-30T09:35:03+0800 - 9.00 B
2016-07-30 01:35:04.870+0000 INFO  [o.n.k.i.DiagnosticsManager]   neostore.relationshipstore.db: 2016-07-30T09:35:03+0800 - 0.00 B
2016-07-30 01:35:04.870+0000 INFO  [o.n.k.i.DiagnosticsManager]   neostore.relationshipstore.db.id: 2016-07-30T09:35:03+0800 - 9.00 B
2016-07-30 01:35:04.870+0000 INFO  [o.n.k.i.DiagnosticsManager]   neostore.relationshiptypestore.db: 2016-07-30T09:35:03+0800 - 0.00 B
2016-07-30 01:35:04.871+0000 INFO  [o.n.k.i.DiagnosticsManager]   neostore.relationshiptypestore.db.id: 2016-07-30T09:35:03+0800 - 9.00 B
2016-07-30 01:35:04.871+0000 INFO  [o.n.k.i.DiagnosticsManager]   neostore.relationshiptypestore.db.names: 2016-07-30T09:35:03+0800 - 8.00 kB
2016-07-30 01:35:04.871+0000 INFO  [o.n.k.i.DiagnosticsManager]   neostore.relationshiptypestore.db.names.id: 2016-07-30T09:35:03+0800 - 9.00 B
2016-07-30 01:35:04.871+0000 INFO  [o.n.k.i.DiagnosticsManager]   neostore.schemastore.db: 2016-07-30T09:35:03+0800 - 8.00 kB
2016-07-30 01:35:04.871+0000 INFO  [o.n.k.i.DiagnosticsManager]   neostore.schemastore.db.id: 2016-07-30T09:35:03+0800 - 9.00 B
2016-07-30 01:35:04.871+0000 INFO  [o.n.k.i.DiagnosticsManager]   neostore.transaction.db.0: 2016-07-30T09:35:04+0800 - 16.00 B
2016-07-30 01:35:04.871+0000 INFO  [o.n.k.i.DiagnosticsManager]   schema:
2016-07-30 01:35:04.871+0000 INFO  [o.n.k.i.DiagnosticsManager]     label:
2016-07-30 01:35:04.871+0000 INFO  [o.n.k.i.DiagnosticsManager]       lucene:
2016-07-30 01:35:04.872+0000 INFO  [o.n.k.i.DiagnosticsManager]         labelStore:
2016-07-30 01:35:04.872+0000 INFO  [o.n.k.i.DiagnosticsManager]           1:
2016-07-30 01:35:04.872+0000 INFO  [o.n.k.i.DiagnosticsManager]             write.lock: 2016-07-30T09:35:04+0800 - 0.00 B
2016-07-30 01:35:04.872+0000 INFO  [o.n.k.i.DiagnosticsManager]           - Total: 2016-07-30T09:35:04+0800 - 0.00 B
2016-07-30 01:35:04.872+0000 INFO  [o.n.k.i.DiagnosticsManager]           failure-message: 2016-07-30T09:35:04+0800 - 16.00 kB
2016-07-30 01:35:04.873+0000 INFO  [o.n.k.i.DiagnosticsManager]         - Total: 2016-07-30T09:35:04+0800 - 16.00 kB
2016-07-30 01:35:04.873+0000 INFO  [o.n.k.i.DiagnosticsManager]       - Total: 2016-07-30T09:35:04+0800 - 16.00 kB
2016-07-30 01:35:04.873+0000 INFO  [o.n.k.i.DiagnosticsManager]     - Total: 2016-07-30T09:35:04+0800 - 16.00 kB
2016-07-30 01:35:04.873+0000 INFO  [o.n.k.i.DiagnosticsManager]   - Total: 2016-07-30T09:35:04+0800 - 16.00 kB
2016-07-30 01:35:04.873+0000 INFO  [o.n.k.i.DiagnosticsManager]   store_lock: 2016-07-30T09:35:03+0800 - 0.00 B
2016-07-30 01:35:04.873+0000 INFO  [o.n.k.i.DiagnosticsManager] --- STARTED diagnostics for KernelDiagnostics:StoreFiles END ---
2016-07-30 01:35:08.824+0000 WARN  [o.n.k.i.c.MonitorGc] GC Monitor: Application threads blocked for 225ms.
2016-07-30 01:35:26.383+0000 INFO  [o.n.c.i.ExecutionEngine] Discarded stale query from the query cache: UNWIND {rows} as row CREATE (n:`Molecule`) SET n=row.props RETURN row.nodeRef as ref, ID(n) as id, row.type as type
2016-07-30 01:35:26.388+0000 INFO  [o.n.c.i.CypherCompiler] Discarded stale query from the query cache: UNWIND {rows} as row CREATE (n:`Molecule`) SET n=row.props RETURN row.nodeRef as ref, ID(n) as id, row.type as type
2016-07-30 01:35:26.413+0000 INFO  [o.n.c.i.ExecutionEngine] Discarded stale query from the query cache: UNWIND {rows} as row CREATE (n:`Atom`) SET n=row.props RETURN row.nodeRef as ref, ID(n) as id, row.type as type
2016-07-30 01:35:26.414+0000 INFO  [o.n.c.i.CypherCompiler] Discarded stale query from the query cache: UNWIND {rows} as row CREATE (n:`Atom`) SET n=row.props RETURN row.nodeRef as ref, ID(n) as id, row.type as type
2016-07-30 01:35:26.593+0000 INFO  [o.n.c.i.ExecutionEngine] Discarded stale query from the query cache: UNWIND {rows} as row CREATE (n:`MolecularSystem`) SET n=row.props RETURN row.nodeRef as ref, ID(n) as id, row.type as type
2016-07-30 01:35:26.596+0000 INFO  [o.n.c.i.CypherCompiler] Discarded stale query from the query cache: UNWIND {rows} as row CREATE (n:`MolecularSystem`) SET n=row.props RETURN row.nodeRef as ref, ID(n) as id, row.type as type
2016-07-30 01:35:26.625+0000 INFO  [o.n.c.i.ExecutionEngine] Discarded stale query from the query cache: UNWIND {rows} as row MATCH (startNode) WHERE ID(startNode) = row.startNodeId MATCH (endNode) WHERE ID(endNode) = row.endNodeId MERGE (startNode)-[rel:`BELONGS_TO`]->(endNode) RETURN row.relRef as ref, ID(rel) as id, row.type as type
2016-07-30 01:35:26.628+0000 INFO  [o.n.c.i.CypherCompiler] Discarded stale query from the query cache: UNWIND {rows} as row MATCH (startNode) WHERE ID(startNode) = row.startNodeId MATCH (endNode) WHERE ID(endNode) = row.endNodeId MERGE (startNode)-[rel:`BELONGS_TO`]->(endNode) RETURN row.relRef as ref, ID(rel) as id, row.type as type
2016-07-30 01:35:26.675+0000 INFO  [o.n.c.i.ExecutionEngine] Discarded stale query from the query cache: UNWIND {rows} as row MATCH (startNode) WHERE ID(startNode) = row.startNodeId MATCH (endNode) WHERE ID(endNode) = row.endNodeId MERGE (startNode)-[rel:`HAS`]->(endNode) RETURN row.relRef as ref, ID(rel) as id, row.type as type
2016-07-30 01:35:26.678+0000 INFO  [o.n.c.i.CypherCompiler] Discarded stale query from the query cache: UNWIND {rows} as row MATCH (startNode) WHERE ID(startNode) = row.startNodeId MATCH (endNode) WHERE ID(endNode) = row.endNodeId MERGE (startNode)-[rel:`HAS`]->(endNode) RETURN row.relRef as ref, ID(rel) as id, row.type as type
2016-07-30 01:35:33.771+0000 INFO  [o.n.k.i.f.GraphDatabaseFacadeFactory] Shutdown started
2016-07-30 01:35:33.772+0000 INFO  [o.n.k.i.f.GraphDatabaseFacadeFactory] Database is now unavailable
2016-07-30 01:35:33.775+0000 INFO  [o.n.k.i.t.l.c.CheckPointerImpl] Check Pointing triggered by database shutdown [8]:  Starting check pointing...
2016-07-30 01:35:33.775+0000 INFO  [o.n.k.i.t.l.c.CheckPointerImpl] Check Pointing triggered by database shutdown [8]:  Starting store flush...
2016-07-30 01:35:33.790+0000 INFO  [o.n.k.i.s.c.CountsTracker] About to rotate counts store at transaction 8 to [/Users/waller/IdeaProjects/Pdb2Neo4j/db/neostore.counts.db.b], from [/Users/waller/IdeaProjects/Pdb2Neo4j/db/neostore.counts.db.a].
2016-07-30 01:35:33.791+0000 INFO  [o.n.k.i.s.c.CountsTracker] Successfully rotated counts store at transaction 8 to [/Users/waller/IdeaProjects/Pdb2Neo4j/db/neostore.counts.db.b], from [/Users/waller/IdeaProjects/Pdb2Neo4j/db/neostore.counts.db.a].
2016-07-30 01:35:33.801+0000 INFO  [o.n.k.i.t.l.c.CheckPointerImpl] Check Pointing triggered by database shutdown [8]:  Store flush completed
2016-07-30 01:35:33.801+0000 INFO  [o.n.k.i.t.l.c.CheckPointerImpl] Check Pointing triggered by database shutdown [8]:  Starting appending check point entry into the tx log...
2016-07-30 01:35:33.801+0000 INFO  [o.n.k.i.t.l.c.CheckPointerImpl] Check Pointing triggered by database shutdown [8]:  Appending check point entry into the tx log completed
2016-07-30 01:35:33.801+0000 INFO  [o.n.k.i.t.l.c.CheckPointerImpl] Check Pointing triggered by database shutdown [8]:  Check pointing completed
2016-07-30 01:35:33.801+0000 INFO  [o.n.k.i.t.l.p.LogPruningImpl] Log Rotation [0]:  Starting log pruning.
2016-07-30 01:35:33.801+0000 INFO  [o.n.k.i.t.l.p.LogPruningImpl] Log Rotation [0]:  Log pruning complete.
2016-07-30 01:35:33.819+0000 INFO  [o.n.k.i.DiagnosticsManager] --- STOPPING diagnostics START ---
2016-07-30 01:35:33.819+0000 INFO  [o.n.k.i.DiagnosticsManager] --- STOPPING diagnostics END ---
